<?xml version="1.0" encoding="UTF-8" ?>
<testsuite tests="16" failures="0" name="com.testingshastra.util.RunnerTest" time="16.582" errors="0" skipped="0">
  <properties>
[...]
</properties>
  <testcase classname="com.testingshastra.util.RunnerTest" name="runScenario" time="14.557"/>
  <testcase classname="com.testingshastra.util.RunnerTest" name="runScenario" time="0.04"/>
  <testcase classname="com.testingshastra.util.RunnerTest" name="runScenario" time="0.009"/>
  <testcase classname="com.testingshastra.util.RunnerTest" name="runScenario" time="0.026"/>
  <testcase classname="com.testingshastra.util.RunnerTest" name="runScenario" time="0.026"/>
  <testcase classname="com.testingshastra.util.RunnerTest" name="runScenario" time="0.013"/>
  <testcase classname="com.testingshastra.util.RunnerTest" name="runScenario" time="0.013"/>
  <testcase classname="com.testingshastra.util.RunnerTest" name="runScenario" time="0.014"/>
  <testcase classname="com.testingshastra.util.RunnerTest" name="runScenario" time="0.009"/>
  <testcase classname="com.testingshastra.util.RunnerTest" name="runScenario" time="0.008"/>
  <testcase classname="com.testingshastra.util.RunnerTest" name="runScenario" time="0.008"/>
  <testcase classname="com.testingshastra.util.RunnerTest" name="runScenario" time="1.606"/>
  <testcase classname="com.testingshastra.util.RunnerTest" name="runScenario" time="0.064"/>
  <testcase classname="com.testingshastra.util.RunnerTest" name="runScenario" time="0.053"/>
  <testcase classname="com.testingshastra.util.RunnerTest" name="runScenario" time="0.052"/>
  <testcase classname="com.testingshastra.util.RunnerTest" name="runScenario" time="0.084"/>
</testsuite>