<?xml version="1.0" encoding="UTF-8"?>
<testng-results skipped="0" failed="0" ignored="0" total="16" passed="16">
  <reporter-output>
  </reporter-output>
  <suite name="com.testingshastra.util.RunnerTest" duration-ms="17469" started-at="2021-11-30T08:43:04Z" finished-at="2021-11-30T08:43:21Z">
    <groups>
      <group name="cucumber">
        <method signature="AbstractTestNGCucumberTests.runScenario(io.cucumber.testng.PickleWrapper, io.cucumber.testng.FeatureWrapper)[pri:0, instance:com.testingshastra.util.RunnerTest@2133814f]" name="runScenario" class="io.cucumber.testng.AbstractTestNGCucumberTests"/>
      </group> <!-- cucumber -->
    </groups>
    <test name="Command line test" duration-ms="17469" started-at="2021-11-30T08:43:04Z" finished-at="2021-11-30T08:43:21Z">
      <class name="com.testingshastra.util.RunnerTest">
        <test-method status="PASS" signature="setUpClass()[pri:0, instance:com.testingshastra.util.RunnerTest@2133814f]" name="setUpClass" is-config="true" duration-ms="616" started-at="2021-11-30T08:43:04Z" finished-at="2021-11-30T08:43:04Z">
          <reporter-output>
          </reporter-output>
        </test-method> <!-- setUpClass -->
        <test-method status="PASS" signature="runScenario(io.cucumber.testng.PickleWrapper, io.cucumber.testng.FeatureWrapper)[pri:0, instance:com.testingshastra.util.RunnerTest@2133814f]" name="runScenario" duration-ms="14325" started-at="2021-11-30T08:43:04Z" description="Runs Cucumber Scenarios" data-provider="scenarios" finished-at="2021-11-30T08:43:19Z">
          <params>
            <param index="0">
              <value>
                <![CDATA["Check the title of homepage"]]>
              </value>
            </param>
            <param index="1">
              <value>
                <![CDATA["Optional[This feature verifys the homepage for all negative and positive scenarios]"]]>
              </value>
            </param>
          </params>
          <reporter-output>
          </reporter-output>
        </test-method> <!-- runScenario -->
        <test-method status="PASS" signature="runScenario(io.cucumber.testng.PickleWrapper, io.cucumber.testng.FeatureWrapper)[pri:0, instance:com.testingshastra.util.RunnerTest@2133814f]" name="runScenario" duration-ms="46" started-at="2021-11-30T08:43:19Z" description="Runs Cucumber Scenarios" data-provider="scenarios" finished-at="2021-11-30T08:43:19Z">
          <params>
            <param index="0">
              <value>
                <![CDATA["Passing numeric parameter to the Gherkin step"]]>
              </value>
            </param>
            <param index="1">
              <value>
                <![CDATA["Optional[This feature describes the parameterization in cucumber]"]]>
              </value>
            </param>
          </params>
          <reporter-output>
          </reporter-output>
        </test-method> <!-- runScenario -->
        <test-method status="PASS" signature="runScenario(io.cucumber.testng.PickleWrapper, io.cucumber.testng.FeatureWrapper)[pri:0, instance:com.testingshastra.util.RunnerTest@2133814f]" name="runScenario" duration-ms="10" started-at="2021-11-30T08:43:19Z" description="Runs Cucumber Scenarios" data-provider="scenarios" finished-at="2021-11-30T08:43:19Z">
          <params>
            <param index="0">
              <value>
                <![CDATA["Passing string parameter to the gherkin step"]]>
              </value>
            </param>
            <param index="1">
              <value>
                <![CDATA["Optional[This feature describes the parameterization in cucumber]"]]>
              </value>
            </param>
          </params>
          <reporter-output>
          </reporter-output>
        </test-method> <!-- runScenario -->
        <test-method status="PASS" signature="runScenario(io.cucumber.testng.PickleWrapper, io.cucumber.testng.FeatureWrapper)[pri:0, instance:com.testingshastra.util.RunnerTest@2133814f]" name="runScenario" duration-ms="12" started-at="2021-11-30T08:43:19Z" description="Runs Cucumber Scenarios" data-provider="scenarios" finished-at="2021-11-30T08:43:19Z">
          <params>
            <param index="0">
              <value>
                <![CDATA["Passing float parameter to the gherkin step"]]>
              </value>
            </param>
            <param index="1">
              <value>
                <![CDATA["Optional[This feature describes the parameterization in cucumber]"]]>
              </value>
            </param>
          </params>
          <reporter-output>
          </reporter-output>
        </test-method> <!-- runScenario -->
        <test-method status="PASS" signature="runScenario(io.cucumber.testng.PickleWrapper, io.cucumber.testng.FeatureWrapper)[pri:0, instance:com.testingshastra.util.RunnerTest@2133814f]" name="runScenario" duration-ms="29" started-at="2021-11-30T08:43:19Z" description="Runs Cucumber Scenarios" data-provider="scenarios" finished-at="2021-11-30T08:43:19Z">
          <params>
            <param index="0">
              <value>
                <![CDATA["Passing list of parameter to the Ghirkin step"]]>
              </value>
            </param>
            <param index="1">
              <value>
                <![CDATA["Optional[This feature describes the parameterization in cucumber]"]]>
              </value>
            </param>
          </params>
          <reporter-output>
          </reporter-output>
        </test-method> <!-- runScenario -->
        <test-method status="PASS" signature="runScenario(io.cucumber.testng.PickleWrapper, io.cucumber.testng.FeatureWrapper)[pri:0, instance:com.testingshastra.util.RunnerTest@2133814f]" name="runScenario" duration-ms="15" started-at="2021-11-30T08:43:19Z" description="Runs Cucumber Scenarios" data-provider="scenarios" finished-at="2021-11-30T08:43:19Z">
          <params>
            <param index="0">
              <value>
                <![CDATA["Passing table of parameters to the gherkin step"]]>
              </value>
            </param>
            <param index="1">
              <value>
                <![CDATA["Optional[This feature describes the parameterization in cucumber]"]]>
              </value>
            </param>
          </params>
          <reporter-output>
          </reporter-output>
        </test-method> <!-- runScenario -->
        <test-method status="PASS" signature="runScenario(io.cucumber.testng.PickleWrapper, io.cucumber.testng.FeatureWrapper)[pri:0, instance:com.testingshastra.util.RunnerTest@2133814f]" name="runScenario" duration-ms="15" started-at="2021-11-30T08:43:19Z" description="Runs Cucumber Scenarios" data-provider="scenarios" finished-at="2021-11-30T08:43:19Z">
          <params>
            <param index="0">
              <value>
                <![CDATA[""]]>
              </value>
            </param>
            <param index="1">
              <value>
                <![CDATA["Optional[This feature describes the parameterization in cucumber]"]]>
              </value>
            </param>
          </params>
          <reporter-output>
          </reporter-output>
        </test-method> <!-- runScenario -->
        <test-method status="PASS" signature="runScenario(io.cucumber.testng.PickleWrapper, io.cucumber.testng.FeatureWrapper)[pri:0, instance:com.testingshastra.util.RunnerTest@2133814f]" name="runScenario" duration-ms="13" started-at="2021-11-30T08:43:19Z" description="Runs Cucumber Scenarios" data-provider="scenarios" finished-at="2021-11-30T08:43:19Z">
          <params>
            <param index="0">
              <value>
                <![CDATA[""]]>
              </value>
            </param>
            <param index="1">
              <value>
                <![CDATA["Optional[This feature describes the parameterization in cucumber]"]]>
              </value>
            </param>
          </params>
          <reporter-output>
          </reporter-output>
        </test-method> <!-- runScenario -->
        <test-method status="PASS" signature="runScenario(io.cucumber.testng.PickleWrapper, io.cucumber.testng.FeatureWrapper)[pri:0, instance:com.testingshastra.util.RunnerTest@2133814f]" name="runScenario" duration-ms="15" started-at="2021-11-30T08:43:19Z" description="Runs Cucumber Scenarios" data-provider="scenarios" finished-at="2021-11-30T08:43:19Z">
          <params>
            <param index="0">
              <value>
                <![CDATA[""]]>
              </value>
            </param>
            <param index="1">
              <value>
                <![CDATA["Optional[This feature describes the parameterization in cucumber]"]]>
              </value>
            </param>
          </params>
          <reporter-output>
          </reporter-output>
        </test-method> <!-- runScenario -->
        <test-method status="PASS" signature="runScenario(io.cucumber.testng.PickleWrapper, io.cucumber.testng.FeatureWrapper)[pri:0, instance:com.testingshastra.util.RunnerTest@2133814f]" name="runScenario" duration-ms="17" started-at="2021-11-30T08:43:19Z" description="Runs Cucumber Scenarios" data-provider="scenarios" finished-at="2021-11-30T08:43:19Z">
          <params>
            <param index="0">
              <value>
                <![CDATA[""]]>
              </value>
            </param>
            <param index="1">
              <value>
                <![CDATA["Optional[This feature describes the parameterization in cucumber]"]]>
              </value>
            </param>
          </params>
          <reporter-output>
          </reporter-output>
        </test-method> <!-- runScenario -->
        <test-method status="PASS" signature="runScenario(io.cucumber.testng.PickleWrapper, io.cucumber.testng.FeatureWrapper)[pri:0, instance:com.testingshastra.util.RunnerTest@2133814f]" name="runScenario" duration-ms="14" started-at="2021-11-30T08:43:19Z" description="Runs Cucumber Scenarios" data-provider="scenarios" finished-at="2021-11-30T08:43:19Z">
          <params>
            <param index="0">
              <value>
                <![CDATA[""]]>
              </value>
            </param>
            <param index="1">
              <value>
                <![CDATA["Optional[This feature describes the parameterization in cucumber]"]]>
              </value>
            </param>
          </params>
          <reporter-output>
          </reporter-output>
        </test-method> <!-- runScenario -->
        <test-method status="PASS" signature="runScenario(io.cucumber.testng.PickleWrapper, io.cucumber.testng.FeatureWrapper)[pri:0, instance:com.testingshastra.util.RunnerTest@2133814f]" name="runScenario" duration-ms="1610" started-at="2021-11-30T08:43:19Z" description="Runs Cucumber Scenarios" data-provider="scenarios" finished-at="2021-11-30T08:43:21Z">
          <params>
            <param index="0">
              <value>
                <![CDATA[""]]>
              </value>
            </param>
            <param index="1">
              <value>
                <![CDATA["Optional[This feature describes the parameterization in cucumber]"]]>
              </value>
            </param>
          </params>
          <reporter-output>
          </reporter-output>
        </test-method> <!-- runScenario -->
        <test-method status="PASS" signature="runScenario(io.cucumber.testng.PickleWrapper, io.cucumber.testng.FeatureWrapper)[pri:0, instance:com.testingshastra.util.RunnerTest@2133814f]" name="runScenario" duration-ms="65" started-at="2021-11-30T08:43:21Z" description="Runs Cucumber Scenarios" data-provider="scenarios" finished-at="2021-11-30T08:43:21Z">
          <params>
            <param index="0">
              <value>
                <![CDATA[""]]>
              </value>
            </param>
            <param index="1">
              <value>
                <![CDATA["Optional[This feature describes the parameterization in cucumber]"]]>
              </value>
            </param>
          </params>
          <reporter-output>
          </reporter-output>
        </test-method> <!-- runScenario -->
        <test-method status="PASS" signature="runScenario(io.cucumber.testng.PickleWrapper, io.cucumber.testng.FeatureWrapper)[pri:0, instance:com.testingshastra.util.RunnerTest@2133814f]" name="runScenario" duration-ms="52" started-at="2021-11-30T08:43:21Z" description="Runs Cucumber Scenarios" data-provider="scenarios" finished-at="2021-11-30T08:43:21Z">
          <params>
            <param index="0">
              <value>
                <![CDATA[""]]>
              </value>
            </param>
            <param index="1">
              <value>
                <![CDATA["Optional[This feature describes the parameterization in cucumber]"]]>
              </value>
            </param>
          </params>
          <reporter-output>
          </reporter-output>
        </test-method> <!-- runScenario -->
        <test-method status="PASS" signature="runScenario(io.cucumber.testng.PickleWrapper, io.cucumber.testng.FeatureWrapper)[pri:0, instance:com.testingshastra.util.RunnerTest@2133814f]" name="runScenario" duration-ms="56" started-at="2021-11-30T08:43:21Z" description="Runs Cucumber Scenarios" data-provider="scenarios" finished-at="2021-11-30T08:43:21Z">
          <params>
            <param index="0">
              <value>
                <![CDATA[""]]>
              </value>
            </param>
            <param index="1">
              <value>
                <![CDATA["Optional[This feature describes the parameterization in cucumber]"]]>
              </value>
            </param>
          </params>
          <reporter-output>
          </reporter-output>
        </test-method> <!-- runScenario -->
        <test-method status="PASS" signature="runScenario(io.cucumber.testng.PickleWrapper, io.cucumber.testng.FeatureWrapper)[pri:0, instance:com.testingshastra.util.RunnerTest@2133814f]" name="runScenario" duration-ms="67" started-at="2021-11-30T08:43:21Z" description="Runs Cucumber Scenarios" data-provider="scenarios" finished-at="2021-11-30T08:43:21Z">
          <params>
            <param index="0">
              <value>
                <![CDATA[""]]>
              </value>
            </param>
            <param index="1">
              <value>
                <![CDATA["Optional[This feature describes the parameterization in cucumber]"]]>
              </value>
            </param>
          </params>
          <reporter-output>
          </reporter-output>
        </test-method> <!-- runScenario -->
        <test-method status="PASS" signature="tearDownClass()[pri:0, instance:com.testingshastra.util.RunnerTest@2133814f]" name="tearDownClass" is-config="true" duration-ms="28" started-at="2021-11-30T08:43:21Z" finished-at="2021-11-30T08:43:21Z">
          <reporter-output>
          </reporter-output>
        </test-method> <!-- tearDownClass -->
      </class> <!-- com.testingshastra.util.RunnerTest -->
    </test> <!-- Command line test -->
  </suite> <!-- com.testingshastra.util.RunnerTest -->
</testng-results>
